npm warn Unknown env config "devdir". This will stop working in the next major version of npm. See `npm help npmrc` for supported config options.

> 2mrrw-control-system@0.1.0 build
> next build

â–˛ Next.js 16.2.6 (Turbopack)
- Environments: .env.production.local, .env.local

  Creating an optimized production build ...
âś“ Compiled successfully in 5.7s
  Running TypeScript ...
  Finished TypeScript in 7.4s ...
  Collecting page data using 7 workers ...
  Generating static pages using 7 workers (0/93) ...
  Generating static pages using 7 workers (23/93) 
  Generating static pages using 7 workers (46/93) 
  Generating static pages using 7 workers (69/93) 
âś“ Generating static pages using 7 workers (93/93) in 387ms
  Finalizing page optimization ...

Route (app)
â”Ś â—‹ /
â”ś â—‹ /_not-found
â”ś â—‹ /analytics
â”ś Ć’ /api/account/state
â”ś Ć’ /api/admin/audio-visuals
â”ś Ć’ /api/admin/audio-visuals/[id]
â”ś Ć’ /api/admin/audio-visuals/[id]/publish
â”ś Ć’ /api/admin/catalog
â”ś Ć’ /api/admin/circle/events
â”ś Ć’ /api/admin/collector-cards
â”ś Ć’ /api/admin/collector-cards/[id]
â”ś Ć’ /api/admin/collector-cards/[id]/publish
â”ś Ć’ /api/admin/commerce/products
â”ś Ć’ /api/admin/diagnostics/ingestion
â”ś Ć’ /api/admin/gifts
â”ś Ć’ /api/admin/hero-config
â”ś Ć’ /api/admin/media/[assetId]/relationships
â”ś Ć’ /api/admin/media/upload-complete
â”ś Ć’ /api/admin/media/upload-intent
â”ś Ć’ /api/admin/ops/backfill-covers
â”ś Ć’ /api/admin/releases
â”ś Ć’ /api/admin/releases/[id]/publish
â”ś Ć’ /api/admin/releases/import-frontend
â”ś Ć’ /api/admin/releases/manage
â”ś Ć’ /api/admin/releases/manage/[id]
â”ś Ć’ /api/admin/releases/manage/[id]/actions
â”ś Ć’ /api/admin/releases/manage/[id]/contributions
â”ś Ć’ /api/admin/releases/manage/[id]/metadata
â”ś Ć’ /api/admin/releases/manage/[id]/readiness
â”ś Ć’ /api/admin/releases/manage/[id]/schedule
â”ś Ć’ /api/admin/releases/manage/[id]/session
â”ś Ć’ /api/admin/releases/manage/[id]/songwriters
â”ś Ć’ /api/admin/releases/manage/[id]/sync
â”ś Ć’ /api/admin/releases/manage/[id]/tracks
â”ś Ć’ /api/admin/releases/manage/[id]/tracks/[trackId]
â”ś Ć’ /api/admin/releases/manage/[id]/tracks/reorder
â”ś Ć’ /api/admin/releases/manage/bulk
â”ś Ć’ /api/admin/releases/manage/taxonomies
â”ś Ć’ /api/admin/search
â”ś Ć’ /api/admin/sync-state
â”ś Ć’ /api/admin/sync/catalog
â”ś Ć’ /api/admin/vault
â”ś Ć’ /api/admin/vault/[id]
â”ś Ć’ /api/admin/vault/[id]/publish
â”ś Ć’ /api/analytics/events
â”ś Ć’ /api/audio-visuals
â”ś Ć’ /api/audio-visuals/[slug]
â”ś Ć’ /api/auth/guest-session
â”ś Ć’ /api/auth/session
â”ś Ć’ /api/checkout
â”ś Ć’ /api/circle/events
â”ś Ć’ /api/cron/scheduled-releases
â”ś Ć’ /api/health
â”ś Ć’ /api/health/basic
â”ś Ć’ /api/health/db
â”ś Ć’ /api/health/storage
â”ś Ć’ /api/hero
â”ś Ć’ /api/library
â”ś Ć’ /api/media/[assetId]/signed-url
â”ś Ć’ /api/memberships
â”ś Ć’ /api/notifications/inbox
â”ś Ć’ /api/notifications/preferences
â”ś Ć’ /api/playback/events
â”ś Ć’ /api/playback/player-state
â”ś Ć’ /api/playback/progress
â”ś Ć’ /api/public/audio-visuals
â”ś Ć’ /api/public/hero
â”ś Ć’ /api/public/releases
â”ś Ć’ /api/radio/feed
â”ś Ć’ /api/radio/interactions
â”ś Ć’ /api/radio/session
â”ś Ć’ /api/release-management/health
â”ś Ć’ /api/releases
â”ś Ć’ /api/releases/[slug]
â”ś Ć’ /api/releases/[slug]/media
â”ś Ć’ /api/signal/active
â”ś Ć’ /api/signal/state
â”ś Ć’ /api/stripe/webhook
â”ś Ć’ /api/sync/replay
â”ś Ć’ /api/sync/stream
â”ś Ć’ /api/vault/content
â”ś Ć’ /api/vault/content/[id]/media
â”ś Ć’ /api/vault/progress
â”ś â—‹ /audit
â”ś â—‹ /circle
â”ś â—‹ /collectors
â”ś â—‹ /commerce
â”ś Ć’ /dashboard
â”ś â—‹ /diagnostics
â”ś â—‹ /identity
â”ś â—‹ /media
â”ś â—‹ /media/artwork
â”ś â—‹ /media/audio
â”ś â—‹ /media/loops
â”ś â—‹ /media/videos
â”ś â—‹ /notify
â”ś Ć’ /releases
â”ś Ć’ /releases/[releaseId]
â”ś â—‹ /releases/archived
â”ś â—‹ /releases/drafts
â”ś â—‹ /releases/new
â”ś â—‹ /releases/new/audio
â”ś â—‹ /releases/new/cover-art
â”ś â—‹ /releases/new/details
â”ś â—‹ /releases/new/isrc
â”ś â—‹ /releases/new/lyrics
â”ś â—‹ /releases/new/review
â”ś â—‹ /releases/new/scheduler
â”ś â—‹ /releases/new/songwriters
â”ś â—‹ /releases/new/tracks
â”ś â—‹ /releases/new/uploads
â”ś â—‹ /releases/published
â”ś â—‹ /releases/scheduled
â”ś â—‹ /revenue
â”ś â—‹ /settings
â”ś â—‹ /shop
â”ś â—‹ /signal
â”ś Ć’ /tracks/[trackId]
â”ś Ć’ /tracks/[trackId]/information
â”ś â—‹ /vault
â”” â—‹ /visuals


Ć’ Proxy (Middleware)

â—‹  (Static)   prerendered as static content
Ć’  (Dynamic)  server-rendered on demand

